<?xml version="1.0" encoding="UTF-8"?>
<!-- Generated by org.testng.reporters.JUnitReportReporter -->
<testsuite hostname="DESKTOP-HBQTH60" failures="0" tests="2" name="com.testsuites.LoginSuite" time="8.850" errors="0" timestamp="2025-05-22T23:18:27 IST" skipped="0">
  <testcase classname="com.testsuites.LoginSuite" name="TC_SLF_001" time="5.860"/>
  <testcase classname="com.testsuites.LoginSuite" name="TC_SLF_002" time="2.990"/>
</testsuite> <!-- com.testsuites.LoginSuite -->
