<?xml version="1.0" encoding="UTF-8"?>
<!-- Generated by org.testng.reporters.JUnitReportReporter -->
<testsuite hostname="DESKTOP-HBQTH60" failures="0" tests="2" name="com.testsuites.LoginSuite" time="7.159" errors="0" timestamp="2025-05-22T23:06:30 IST" skipped="0">
  <testcase classname="com.testsuites.LoginSuite" name="TC_SLF_002" time="3.352"/>
  <testcase classname="com.testsuites.LoginSuite" name="TC_SLF_001" time="3.807"/>
</testsuite> <!-- com.testsuites.LoginSuite -->
