<?xml version="1.0" encoding="UTF-8"?>
<!-- Generated by org.testng.reporters.JUnitReportReporter -->
<testsuite hostname="DESKTOP-HBQTH60" failures="0" tests="2" name="com.testsuites.LoginSuite" time="11.536" errors="0" timestamp="2025-05-24T22:42:27 IST" skipped="0">
  <testcase classname="com.testsuites.LoginSuite" name="TC_SLF_002" time="5.631"/>
  <testcase classname="com.testsuites.LoginSuite" name="TC_SLF_001" time="5.905"/>
</testsuite> <!-- com.testsuites.LoginSuite -->
