<?xml version="1.0" encoding="UTF-8"?>
<!-- Generated by org.testng.reporters.JUnitReportReporter -->
<testsuite hostname="DESKTOP-HBQTH60" failures="0" tests="1" name="com.testsuites.LoginSuite_SuperAdmin" time="8.435" errors="0" timestamp="2025-05-19T20:04:53 IST" skipped="0">
  <testcase classname="com.testsuites.LoginSuite_SuperAdmin" name="TC_SLF_001" time="8.435"/>
</testsuite> <!-- com.testsuites.LoginSuite_SuperAdmin -->
