<?xml version="1.0" encoding="UTF-8"?>
<!-- Generated by org.testng.reporters.JUnitReportReporter -->
<testsuite hostname="DESKTOP-HBQTH60" failures="0" tests="6" name="com.testsuites.LoginSuite" time="34.707" errors="0" timestamp="2025-05-25T20:14:43 IST" skipped="0">
  <testcase classname="com.testsuites.LoginSuite" name="TC_SLF_001" time="6.612"/>
  <testcase classname="com.testsuites.LoginSuite" name="TC_SLF_002" time="5.612"/>
  <testcase classname="com.testsuites.LoginSuite" name="TC_SLF_003" time="3.942"/>
  <testcase classname="com.testsuites.LoginSuite" name="TC_SLF_004" time="4.404"/>
  <testcase classname="com.testsuites.LoginSuite" name="TC_SLF_005" time="6.110"/>
  <testcase classname="com.testsuites.LoginSuite" name="TC_SLF_006" time="8.027"/>
</testsuite> <!-- com.testsuites.LoginSuite -->
