<?xml version="1.0" encoding="UTF-8"?>
<!-- Generated by org.testng.reporters.JUnitReportReporter -->
<testsuite hostname="DESKTOP-HBQTH60" failures="0" tests="1" name="com.testsuites.LoginSuite_SuperAdmin" time="16.463" errors="0" timestamp="2025-05-21T17:41:59 IST" skipped="0">
  <testcase classname="com.testsuites.LoginSuite_SuperAdmin" name="TC_SLF_001" time="16.463"/>
</testsuite> <!-- com.testsuites.LoginSuite_SuperAdmin -->
