<?xml version="1.0" encoding="UTF-8"?>
<!-- Generated by org.testng.reporters.JUnitReportReporter -->
<testsuite hostname="DESKTOP-HBQTH60" failures="0" tests="1" name="com.testsuites.LoginSuite_SuperAdmin" time="5.188" errors="0" timestamp="2025-05-19T22:12:30 IST" skipped="0">
  <testcase classname="com.testsuites.LoginSuite_SuperAdmin" name="TC_SLF_001" time="5.188"/>
</testsuite> <!-- com.testsuites.LoginSuite_SuperAdmin -->
